
> evous-app@0.1.0 dev
> next dev --turbopack

   ▲ Next.js 15.3.5 (Turbopack)
   - Local:        http://localhost:3000
   - Network:      http://192.168.15.108:3000

 ✓ Starting...
 ✓ Ready in 882ms
 ○ Compiling /video-preview ...
 ✓ Compiled /video-preview in 1862ms
 GET /video-preview 200 in 211ms
 ○ Compiling /favicon.ico ...
 ✓ Compiled /favicon.ico in 1278ms
 GET /favicon.ico?favicon.45db1c09.ico 200 in 1546ms
 GET /video-preview 200 in 133ms
 GET /favicon.ico?favicon.45db1c09.ico 200 in 283ms
 GET /video-preview 200 in 233ms
 GET /favicon.ico?favicon.45db1c09.ico 200 in 377ms
 ✓ Compiled in 848ms
 GET /video-preview 200 in 337ms
 GET /favicon.ico?favicon.45db1c09.ico 200 in 244ms
 ✓ Compiled in 186ms
 GET /video-preview 200 in 298ms
 GET /favicon.ico?favicon.45db1c09.ico 200 in 270ms
 GET /video-preview 200 in 130ms
 GET /favicon.ico?favicon.45db1c09.ico 200 in 270ms
 GET /video-preview 200 in 174ms
 GET /favicon.ico?favicon.45db1c09.ico 200 in 274ms
 ✓ Compiled in 935ms
 ✓ Compiled in 346ms
 GET /video-preview 200 in 481ms
 GET /favicon.ico?favicon.45db1c09.ico 200 in 283ms
 GET /video-preview 200 in 154ms
 GET /favicon.ico?favicon.45db1c09.ico 200 in 287ms
 GET /video-preview 200 in 273ms
 GET /favicon.ico?favicon.45db1c09.ico 200 in 285ms
 GET /video-preview 200 in 132ms
 GET /favicon.ico?favicon.45db1c09.ico 200 in 289ms
 ✓ Compiled in 716ms
 GET /video-preview 200 in 414ms
 GET /favicon.ico?favicon.45db1c09.ico 200 in 392ms
 GET /video-preview 200 in 158ms
 GET /favicon.ico?favicon.45db1c09.ico 200 in 272ms
 GET /video-preview 200 in 160ms
 GET /favicon.ico?favicon.45db1c09.ico 200 in 260ms
 GET /video-preview 200 in 97ms
 GET /favicon.ico?favicon.45db1c09.ico 200 in 228ms
 GET /video-preview 200 in 288ms
 GET /favicon.ico?favicon.45db1c09.ico 200 in 311ms
 GET /video-preview 200 in 99ms
 GET /favicon.ico?favicon.45db1c09.ico 200 in 269ms
 GET /video-preview 200 in 204ms
 GET /favicon.ico?favicon.45db1c09.ico 200 in 232ms
 ○ Compiling /video-success ...
 ✓ Compiled /video-success in 2.1s
 GET /video-success 200 in 2367ms
 GET /video-success 200 in 102ms
 GET /favicon.ico?favicon.45db1c09.ico 200 in 429ms
 GET /video-preview 200 in 39ms
 GET /video-preview 200 in 98ms
 GET /video-preview 200 in 208ms
 GET /favicon.ico?favicon.45db1c09.ico 200 in 345ms
 GET /video-preview 200 in 88ms
 GET /favicon.ico?favicon.45db1c09.ico 200 in 254ms
 ✓ Compiled in 785ms
 ○ Compiling /_not-found/page ...
 ✓ Compiled /_not-found/page in 1077ms
 GET /.well-known/appspecific/com.chrome.devtools.json 404 in 1147ms
 ✓ Compiled in 220ms
 GET /.well-known/appspecific/com.chrome.devtools.json 404 in 220ms
 GET /.well-known/appspecific/com.chrome.devtools.json 404 in 188ms
